  Add.c
test.obj : error LNK2019: 无法解析的外部符号 Add，函数 main 中引用了该符号
E:\code\github_test_c\声明外部符号\x64\Debug\声明外部符号.exe : fatal error LNK1120: 1 个无法解析的外部命令
